"../../../../../../Projects/UE4/UE4 Course Projects/Section_05/S05_TestingGrounds/Content/Geometry/Meshes/CubeMaterial.uasset" 0
"../../../../../../Projects/UE4/UE4 Course Projects/Section_05/S05_TestingGrounds/Content/Geometry/Meshes/1M_Cube_Chamfer.uasset" 1
"../../../../../../Projects/UE4/UE4 Course Projects/Section_05/S05_TestingGrounds/Content/Geometry/Meshes/RampMaterial.uasset" 2
"../../../../../../Projects/UE4/UE4 Course Projects/Section_05/S05_TestingGrounds/Content/Geometry/Meshes/Bump_StaticMesh.uasset" 3
"../../../../../../Projects/UE4/UE4 Course Projects/Section_05/S05_TestingGrounds/Content/Geometry/Meshes/LeftArm_StaticMesh.uasset" 4
"../../../../../../Projects/UE4/UE4 Course Projects/Section_05/S05_TestingGrounds/Content/Geometry/Meshes/Linear_Stair_StaticMesh.uasset" 5
"../../../../../../Projects/UE4/UE4 Course Projects/Section_05/S05_TestingGrounds/Content/Geometry/Meshes/Ramp_StaticMesh.uasset" 6
"../../../../../../Projects/UE4/UE4 Course Projects/Section_05/S05_TestingGrounds/Content/Geometry/Meshes/RightArm_StaticMesh.uasset" 7
"../../../../../../Projects/UE4/UE4 Course Projects/Section_05/S05_TestingGrounds/Content/Geometry/Meshes/TemplateFloor.uasset" 8
"../../../../../../Projects/UE4/UE4 Course Projects/Section_05/S05_TestingGrounds/Content/NPC/AI/FocusAtActor.uasset" 9
"../../../Engine/Content/Animation/DefaultAnimCurveCompressionSettings.uasset" 10
"../../../Engine/Content/Animation/DefaultAnimBoneCompressionSettings.uasset" 11
"../../../../../../Projects/UE4/UE4 Course Projects/Section_05/S05_TestingGrounds/Content/NPC/Character/Mesh/UE4_Mannequin_Skeleton.uasset" 12
"../../../../../../Projects/UE4/UE4 Course Projects/Section_05/S05_TestingGrounds/Content/NPC/Animations/AnimationClips/Aim_Space_Hip.uasset" 13
"../../../../../../Projects/UE4/UE4 Course Projects/Section_05/S05_TestingGrounds/Content/NPC/Animations/AnimationClips/Crouch_Idle_Rifle_Ironsights.uasset" 14
"../../../../../../Projects/UE4/UE4 Course Projects/Section_05/S05_TestingGrounds/Content/NPC/Animations/AnimationClips/Crouch_to_Stand_Rifle_Hip.uasset" 15
"../../../../../../Projects/UE4/UE4 Course Projects/Section_05/S05_TestingGrounds/Content/NPC/Animations/AnimationClips/Crouch_to_Stand_Rifle_Ironsights.uasset" 16
"../../../../../../Projects/UE4/UE4 Course Projects/Section_05/S05_TestingGrounds/Content/NPC/Animations/AnimationClips/Crouch_Walk_Bwd_Rifle_Ironsights.uasset" 17
"../../../../../../Projects/UE4/UE4 Course Projects/Section_05/S05_TestingGrounds/Content/NPC/Animations/AnimationClips/Crouch_Walk_Fwd_Rifle_Ironsights.uasset" 18
"../../../../../../Projects/UE4/UE4 Course Projects/Section_05/S05_TestingGrounds/Content/NPC/Animations/AnimationClips/Crouch_Walk_Lt_Rifle_Ironsights.uasset" 19
"../../../../../../Projects/UE4/UE4 Course Projects/Section_05/S05_TestingGrounds/Content/NPC/Animations/AnimationClips/Crouch_Walk_Rt_Rifle_Ironsights.uasset" 20
"../../../../../../Projects/UE4/UE4 Course Projects/Section_05/S05_TestingGrounds/Content/NPC/Animations/AnimationClips/Death_1.uasset" 21
"../../../../../../Projects/UE4/UE4 Course Projects/Section_05/S05_TestingGrounds/Content/NPC/Animations/AnimationClips/Death_2.uasset" 22
"../../../../../../Projects/UE4/UE4 Course Projects/Section_05/S05_TestingGrounds/Content/NPC/Animations/AnimationClips/Death_3.uasset" 23
"../../../../../../Projects/UE4/UE4 Course Projects/Section_05/S05_TestingGrounds/Content/NPC/Animations/AnimationClips/Death_Ironsights_1.uasset" 24
"../../../../../../Projects/UE4/UE4 Course Projects/Section_05/S05_TestingGrounds/Content/NPC/Animations/AnimationClips/Death_Ironsights_2.uasset" 25
"../../../../../../Projects/UE4/UE4 Course Projects/Section_05/S05_TestingGrounds/Content/NPC/Animations/AnimationClips/Equip_Pistol_Standing.uasset" 26
"../../../../../../Projects/UE4/UE4 Course Projects/Section_05/S05_TestingGrounds/Content/NPC/Animations/AnimationClips/Equip_Rifle_Standing.uasset" 27
"../../../../../../Projects/UE4/UE4 Course Projects/Section_05/S05_TestingGrounds/Content/NPC/Animations/AnimationClips/Fire_Rifle_Hip.uasset" 28
"../../../../../../Projects/UE4/UE4 Course Projects/Section_05/S05_TestingGrounds/Content/NPC/Animations/AnimationClips/Fire_Shotgun_Hip.uasset" 29
"../../../../../../Projects/UE4/UE4 Course Projects/Section_05/S05_TestingGrounds/Content/NPC/Animations/AnimationClips/Fire_Shotgun_Ironsights.uasset" 30
"../../../../../../Projects/UE4/UE4 Course Projects/Section_05/S05_TestingGrounds/Content/NPC/Animations/AnimationClips/Hit_React_1.uasset" 31
"../../../../../../Projects/UE4/UE4 Course Projects/Section_05/S05_TestingGrounds/Content/NPC/Animations/AnimationClips/Hit_React_2.uasset" 32
"../../../../../../Projects/UE4/UE4 Course Projects/Section_05/S05_TestingGrounds/Content/NPC/Animations/AnimationClips/Hit_React_3.uasset" 33
"../../../../../../Projects/UE4/UE4 Course Projects/Section_05/S05_TestingGrounds/Content/NPC/Animations/AnimationClips/Hit_React_4.uasset" 34
"../../../../../../Projects/UE4/UE4 Course Projects/Section_05/S05_TestingGrounds/Content/NPC/Animations/AnimationClips/Idle_Pistol.uasset" 35
"../../../../../../Projects/UE4/UE4 Course Projects/Section_05/S05_TestingGrounds/Content/NPC/Animations/AnimationClips/Idle_Rifle_Hip_Break1.uasset" 36
"../../../../../../Projects/UE4/UE4 Course Projects/Section_05/S05_TestingGrounds/Content/NPC/Animations/AnimationClips/Idle_Rifle_Hip_Break2.uasset" 37
"../../../../../../Projects/UE4/UE4 Course Projects/Section_05/S05_TestingGrounds/Content/NPC/Animations/AnimationClips/Jump_From_Stand_Ironsights.uasset" 38
"../../../../../../Projects/UE4/UE4 Course Projects/Section_05/S05_TestingGrounds/Content/NPC/Animations/AnimationClips/Prone_Death_1.uasset" 39
"../../../../../../Projects/UE4/UE4 Course Projects/Section_05/S05_TestingGrounds/Content/NPC/Animations/AnimationClips/Prone_Death_2.uasset" 40
"../../../../../../Projects/UE4/UE4 Course Projects/Section_05/S05_TestingGrounds/Content/NPC/Animations/AnimationClips/Prone_Fire_1.uasset" 41
"../../../../../../Projects/UE4/UE4 Course Projects/Section_05/S05_TestingGrounds/Content/NPC/Animations/AnimationClips/Prone_Fire_2.uasset" 42
"../../../../../../Projects/UE4/UE4 Course Projects/Section_05/S05_TestingGrounds/Content/NPC/Animations/AnimationClips/Prone_Idle.uasset" 43
"../../../../../../Projects/UE4/UE4 Course Projects/Section_05/S05_TestingGrounds/Content/NPC/Animations/AnimationClips/Prone_Reload_Rifle.uasset" 44
"../../../../../../Projects/UE4/UE4 Course Projects/Section_05/S05_TestingGrounds/Content/NPC/Animations/AnimationClips/Prone_Reload_Shotgun.uasset" 45
"../../../../../../Projects/UE4/UE4 Course Projects/Section_05/S05_TestingGrounds/Content/NPC/Animations/AnimationClips/Prone_To_Stand.uasset" 46
"../../../../../../Projects/UE4/UE4 Course Projects/Section_05/S05_TestingGrounds/Content/NPC/Animations/AnimationClips/Reload_Pistol.uasset" 47
"../../../../../../Projects/UE4/UE4 Course Projects/Section_05/S05_TestingGrounds/Content/NPC/Animations/AnimationClips/Reload_Rifle_Hip.uasset" 48
"../../../../../../Projects/UE4/UE4 Course Projects/Section_05/S05_TestingGrounds/Content/NPC/Animations/AnimationClips/Reload_Rifle_Ironsights.uasset" 49
"../../../../../../Projects/UE4/UE4 Course Projects/Section_05/S05_TestingGrounds/Content/NPC/Animations/AnimationClips/Reload_Shotgun_Hip.uasset" 50
"../../../../../../Projects/UE4/UE4 Course Projects/Section_05/S05_TestingGrounds/Content/NPC/Animations/AnimationClips/Reload_Shotgun_Ironsights.uasset" 51
"../../../../../../Projects/UE4/UE4 Course Projects/Section_05/S05_TestingGrounds/Content/NPC/Animations/AnimationClips/Sprint_Fwd_Rifle.uasset" 52
"../../../../../../Projects/UE4/UE4 Course Projects/Section_05/S05_TestingGrounds/Content/NPC/Animations/AnimationClips/Stand_to_Crouch_Rifle_Hip.uasset" 53
"../../../../../../Projects/UE4/UE4 Course Projects/Section_05/S05_TestingGrounds/Content/NPC/Animations/AnimationClips/Stand_to_Crouch_Rifle_Ironsights.uasset" 54
"../../../../../../Projects/UE4/UE4 Course Projects/Section_05/S05_TestingGrounds/Content/NPC/Animations/AnimationClips/Stand_To_Prone.uasset" 55
"../../../../../../Projects/UE4/UE4 Course Projects/Section_05/S05_TestingGrounds/Content/Player/Character/Mesh/SK_Mannequin_Arms_PhysicsAsset.uasset" 56
"../../../../../../Projects/UE4/UE4 Course Projects/Section_05/S05_TestingGrounds/Content/Player/Character/Textures/UE4_Mannequin_MAT_MASKA.uasset" 57
"../../../../../../Projects/UE4/UE4 Course Projects/Section_05/S05_TestingGrounds/Content/Player/Character/Textures/UE4_Mannequin__normals.uasset" 58
"../../../../../../Projects/UE4/UE4 Course Projects/Section_05/S05_TestingGrounds/Content/Player/Character/Textures/UE4_LOGO_CARD.uasset" 59
"../../../../../../Projects/UE4/UE4 Course Projects/Section_05/S05_TestingGrounds/Content/Player/Character/Materials/MaterialLayers/T_ML_Rubber_Blue_01_N.uasset" 60
"../../../../../../Projects/UE4/UE4 Course Projects/Section_05/S05_TestingGrounds/Content/Player/Character/Materials/MaterialLayers/T_ML_Rubber_Blue_01_D.uasset" 61
"../../../../../../Projects/UE4/UE4 Course Projects/Section_05/S05_TestingGrounds/Content/Player/Character/Materials/MaterialLayers/T_ML_Aluminum01_N.uasset" 62
"../../../../../../Projects/UE4/UE4 Course Projects/Section_05/S05_TestingGrounds/Content/Player/Character/Materials/MaterialLayers/T_ML_Aluminum01.uasset" 63
"../../../../../../Projects/UE4/UE4 Course Projects/Section_05/S05_TestingGrounds/Content/Player/Character/Materials/MaterialLayers/ML_SoftMetal_UE4.uasset" 64
"../../../../../../Projects/UE4/UE4 Course Projects/Section_05/S05_TestingGrounds/Content/Player/Character/Materials/MaterialLayers/ML_Plastic_Shiny_Beige_LOGO.uasset" 65
"../../../../../../Projects/UE4/UE4 Course Projects/Section_05/S05_TestingGrounds/Content/Player/Character/Materials/MaterialLayers/ML_Plastic_Shiny_Beige.uasset" 66
"../../../../../../Projects/UE4/UE4 Course Projects/Section_05/S05_TestingGrounds/Content/Player/Character/Materials/MaterialLayers/ML_GlossyBlack_Latex_UE4.uasset" 67
"../../../Engine/Content/Functions/MaterialLayerFunctions/MatLayerBlend_Simple.uasset" 68
"../../../Engine/Content/Functions/Engine_MaterialFunctions02/Utility/BlendAngleCorrectedNormals.uasset" 69
"../../../Engine/Content/Functions/MaterialLayerFunctions/MatLayerBlend_NormalBlend.uasset" 70
"../../../../../../Projects/UE4/UE4 Course Projects/Section_05/S05_TestingGrounds/Content/Player/Character/Materials/M_UE4Man_Body.uasset" 71
"../../../../../../Projects/UE4/UE4 Course Projects/Section_05/S05_TestingGrounds/Content/Player/Character/Mesh/SK_Mannequin_Arms_Skeleton.uasset" 72
"../../../../../../Projects/UE4/UE4 Course Projects/Section_05/S05_TestingGrounds/Content/Player/Character/Mesh/SK_Mannequin_Arms.uasset" 73
"../../../../../../Projects/UE4/UE4 Course Projects/Section_05/S05_TestingGrounds/Content/Player/Meshes/BaseMaterial.uasset" 74
"../../../../../../Projects/UE4/UE4 Course Projects/Section_05/S05_TestingGrounds/Content/Player/Meshes/FirstPersonProjectileMaterial.uasset" 75
"../../../../../../Projects/UE4/UE4 Course Projects/Section_05/S05_TestingGrounds/Content/Player/Meshes/FirstPersonProjectileMesh.uasset" 76
"../../../../../../Projects/UE4/UE4 Course Projects/Section_05/S05_TestingGrounds/Content/Weapons/FPWeapon/Behaviour/FirstPersonProjectile.uasset" 77
"../../../../../../Projects/UE4/UE4 Course Projects/Section_05/S05_TestingGrounds/Content/Player/Audio/FirstPersonTemplateWeaponFire02.uasset" 78
"../../../../../../Projects/UE4/UE4 Course Projects/Section_05/S05_TestingGrounds/Content/Player/Animations/FirstPerson_Run.uasset" 79
"../../../../../../Projects/UE4/UE4 Course Projects/Section_05/S05_TestingGrounds/Content/Player/Animations/FirstPerson_JumpStart.uasset" 80
"../../../../../../Projects/UE4/UE4 Course Projects/Section_05/S05_TestingGrounds/Content/Player/Animations/FirstPerson_JumpLoop.uasset" 81
"../../../../../../Projects/UE4/UE4 Course Projects/Section_05/S05_TestingGrounds/Content/Player/Animations/FirstPerson_JumpEnd.uasset" 82
"../../../../../../Projects/UE4/UE4 Course Projects/Section_05/S05_TestingGrounds/Content/Player/Animations/FirstPerson_Idle.uasset" 83
"../../../Engine/Content/EditorBlueprintResources/StandardMacros.uasset" 84
"../../../../../../Projects/UE4/UE4 Course Projects/Section_05/S05_TestingGrounds/Content/Player/Animations/FirstPerson_AnimBP.uasset" 85
"../../../../../../Projects/UE4/UE4 Course Projects/Section_05/S05_TestingGrounds/Content/Player/Animations/FirstPerson_Fire.uasset" 86
"../../../../../../Projects/UE4/UE4 Course Projects/Section_05/S05_TestingGrounds/Content/Player/Animations/FirstPersonFire_Montage.uasset" 87
"../../../../../../Projects/UE4/UE4 Course Projects/Section_05/S05_TestingGrounds/Content/Weapons/FPWeapon/Mesh/SK_FPGun_Skeleton.uasset" 88
"../../../../../../Projects/UE4/UE4 Course Projects/Section_05/S05_TestingGrounds/Content/Weapons/FPWeapon/Textures/T_FPGun_N.uasset" 89
"../../../../../../Projects/UE4/UE4 Course Projects/Section_05/S05_TestingGrounds/Content/Weapons/FPWeapon/Textures/T_FPGun_M.uasset" 90
"../../../../../../Projects/UE4/UE4 Course Projects/Section_05/S05_TestingGrounds/Content/Weapons/FPWeapon/Materials/MaterialLayers/T_ML_Rubber_Blue_01_N.uasset" 91
"../../../../../../Projects/UE4/UE4 Course Projects/Section_05/S05_TestingGrounds/Content/Weapons/FPWeapon/Materials/MaterialLayers/T_ML_Rubber_Blue_01_D.uasset" 92
"../../../../../../Projects/UE4/UE4 Course Projects/Section_05/S05_TestingGrounds/Content/Weapons/FPWeapon/Materials/MaterialLayers/T_ML_Aluminum01_N.uasset" 93
"../../../../../../Projects/UE4/UE4 Course Projects/Section_05/S05_TestingGrounds/Content/Weapons/FPWeapon/Materials/MaterialLayers/T_ML_Aluminum01.uasset" 94
"../../../../../../Projects/UE4/UE4 Course Projects/Section_05/S05_TestingGrounds/Content/Weapons/FPWeapon/Materials/MaterialLayers/ML_SoftMetal_UE4.uasset" 95
"../../../../../../Projects/UE4/UE4 Course Projects/Section_05/S05_TestingGrounds/Content/Weapons/FPWeapon/Materials/MaterialLayers/ML_Screen.uasset" 96
"../../../../../../Projects/UE4/UE4 Course Projects/Section_05/S05_TestingGrounds/Content/Weapons/FPWeapon/Materials/MaterialLayers/ML_Plastic_Shiny_Beige.uasset" 97
"../../../../../../Projects/UE4/UE4 Course Projects/Section_05/S05_TestingGrounds/Content/Weapons/FPWeapon/Materials/MaterialLayers/ML_GlossyBlack_Latex_UE4.uasset" 98
"../../../../../../Projects/UE4/UE4 Course Projects/Section_05/S05_TestingGrounds/Content/Weapons/FPWeapon/Materials/M_FPGun.uasset" 99
"../../../../../../Projects/UE4/UE4 Course Projects/Section_05/S05_TestingGrounds/Content/Weapons/FPWeapon/Mesh/SK_FPGun.uasset" 100
"../../../../../../Projects/UE4/UE4 Course Projects/Section_05/S05_TestingGrounds/Content/Player/Behaviour/FirstPersonCharacter.uasset" 101
"../../../../../../Projects/UE4/UE4 Course Projects/Section_05/S05_TestingGrounds/Content/Player/Textures/FirstPersonCrosshair.uasset" 102
"../../../../../../Projects/UE4/UE4 Course Projects/Section_05/S05_TestingGrounds/Content/Weapons/FPWeapon/Materials/MaterialLayers/ML_Plastic_Shiny_Beige_LOGO.uasset" 103
"../../../../../../Projects/UE4/UE4 Course Projects/Section_05/S05_TestingGrounds/Content/Weapons/FPWeapon/Materials/MaterialLayers/T_ML_FineRubber.uasset" 104
"../../../../../../Projects/UE4/UE4 Course Projects/Section_05/S05_TestingGrounds/Content/Weapons/FPWeapon/Mesh/SK_FPGun_PhysicsAsset.uasset" 105
"../../../Engine/Content/EngineMaterials/T_Default_Material_Grid_N.uasset" 106
"../../../Engine/Content/EngineMaterials/T_Default_Material_Grid_M.uasset" 107
"../../../Engine/Content/Functions/Engine_MaterialFunctions01/Opacity/CameraDepthFade.uasset" 108
"../../../Engine/Content/EngineMaterials/WorldGridMaterial.uasset" 109
"../../../Engine/Content/ArtTools/RenderToTexture/Meshes/S_1_Unit_Plane.uasset" 110
"../../../Engine/Content/EngineMaterials/DefaultMaterial.uasset" 111
"../../../Engine/Content/BasicShapes/Cone.uasset" 112
"../../../Engine/Content/BasicShapes/Cube.uasset" 113
"../../../Engine/Content/BasicShapes/Plane.uasset" 114
"../../../Engine/Content/BasicShapes/Sphere.uasset" 115
"../../../Engine/Content/EditorLandscapeResources/DataLayer.uasset" 116
"../../../Engine/Content/EditorLandscapeResources/DefaultAlphaTexture.uasset" 117
"../../../Engine/Content/EditorMaterials/MAT_Groups_Toggle.uasset" 118
"../../../Engine/Content/EditorMaterials/MAT_Groups_Visibility.uasset" 119
"../../../Engine/Content/EditorMaterials/PreviewShadowIndicator.uasset" 120
"../../../Engine/Content/EditorMaterials/PreviewShadowIndicatorMaterial.uasset" 121
"../../../Engine/Content/EditorMaterials/MatineeGroups/MAT_ColorTrack.uasset" 122
"../../../Engine/Content/EditorMaterials/MatineeGroups/MAT_Groups_Anim.uasset" 123
"../../../Engine/Content/EditorMaterials/MatineeGroups/MAT_Groups_AudioMaster.uasset" 124
"../../../Engine/Content/EditorMaterials/MatineeGroups/MAT_Groups_Director.uasset" 125
"../../../Engine/Content/EditorMaterials/MatineeGroups/MAT_Groups_Event.uasset" 126
"../../../Engine/Content/EditorMaterials/MatineeGroups/MAT_Groups_Fade.uasset" 127
"../../../Engine/Content/EditorMaterials/MatineeGroups/MAT_Groups_Float.uasset" 128
"../../../Engine/Content/EditorMaterials/MatineeGroups/MAT_Groups_Move.uasset" 129
"../../../Engine/Content/EditorMaterials/MatineeGroups/MAT_Groups_Slomo.uasset" 130
"../../../Engine/Content/EditorMaterials/MatineeGroups/MAT_Groups_Sound.uasset" 131
"../../../Engine/Content/EditorMaterials/MatineeGroups/MAT_Groups_Vector.uasset" 132
"../../../Engine/Content/EditorMaterials/ParticleSystems/PSysThumbnail_NoImage.uasset" 133
"../../../Engine/Content/EditorMaterials/ParticleSystems/PSysThumbnail_OOD.uasset" 134
"../../../Engine/Content/EditorMaterials/Camera/CineMat.uasset" 135
"../../../Engine/Content/EditorMaterials/Camera/MI_CineMat_Rig.uasset" 136
"../../../Engine/Content/EditorMeshes/Camera/SM_CraneRig_Arm.uasset" 137
"../../../Engine/Content/EditorMeshes/Camera/SM_CraneRig_Base.uasset" 138
"../../../Engine/Content/EditorMeshes/Camera/SM_CraneRig_Body.uasset" 139
"../../../Engine/Content/EditorMeshes/Camera/SM_CraneRig_Mount.uasset" 140
"../../../Engine/Content/EditorMeshes/Camera/SM_RailRig_Mount.uasset" 141
"../../../Engine/Content/EditorMeshes/Camera/SM_RailRig_Track.uasset" 142
"../../../Engine/Content/EditorResources/BSPVertex.uasset" 143
"../../../Engine/Content/EditorResources/EmptyActor.uasset" 144
"../../../Engine/Content/EditorResources/S_Actor.uasset" 145
"../../../Engine/Content/EditorResources/S_Note.uasset" 146
"../../../Engine/Content/EditorResources/S_Solver.uasset" 147
"../../../Engine/Content/EditorResources/S_Terrain.uasset" 148
"../../../Engine/Content/EditorResources/S_Trigger.uasset" 149
"../../../Engine/Content/EditorResources/LightIcons/S_LightError.uasset" 150
"../../../Engine/Content/EditorResources/SequenceRecorder/Countdown.uasset" 151
"../../../Engine/Content/EditorResources/SequenceRecorder/RecordingIndicator.uasset" 152
"../../../Engine/Content/EngineDamageTypes/DmgTypeBP_Environmental.uasset" 153
"../../../Engine/Content/EngineDebugMaterials/DebugEditorMaterial.uasset" 154
"../../../Engine/Content/EngineDebugMaterials/DebugMeshMaterial.uasset" 155
"../../../Engine/Content/EngineDebugMaterials/M_SimpleUnlitTranslucent.uasset" 156
"../../../Engine/Content/EngineDebugMaterials/VolumeToRender.uasset" 157
"../../../Engine/Content/Functions/Engine_MaterialFunctions02/Utility/CameraDirectionVector.uasset" 158
"../../../Engine/Content/EngineDebugMaterials/M_VolumeRenderSphereTracePP.uasset" 159
"../../../Engine/Content/Functions/Engine_MaterialFunctions01/Shading/ConvertFromDiffSpec.uasset" 160
"../../../Engine/Content/EngineDebugMaterials/VertexColorMaterial.uasset" 161
"../../../Engine/Content/EngineDebugMaterials/WireframeMaterial.uasset" 162
"../../../Engine/Content/EngineFonts/Faces/RobotoRegular.uasset" 163
"../../../Engine/Content/EngineFonts/Faces/RobotoLight.uasset" 164
"../../../Engine/Content/EngineFonts/Faces/RobotoItalic.uasset" 165
"../../../Engine/Content/EngineFonts/Faces/RobotoBoldItalic.uasset" 166
"../../../Engine/Content/EngineFonts/Faces/RobotoBold.uasset" 167
"../../../Engine/Content/EngineFonts/Faces/DroidSansFallback.uasset" 168
"../../../Engine/Content/EngineFonts/Roboto.uasset" 169
"../../../Engine/Content/EngineMaterials/BaseFlattenNormalMap.uasset" 170
"../../../Engine/Content/EngineMaterials/BaseFlattenGrayscaleMap.uasset" 171
"../../../Engine/Content/EngineMaterials/BaseFlattenEmissiveMap.uasset" 172
"../../../Engine/Content/EngineMaterials/BaseFlattenDiffuseMap.uasset" 173
"../../../Engine/Content/EngineMaterials/BaseFlattenMaterial.uasset" 174
"../../../Engine/Content/EngineMaterials/BlueNoise.uasset" 175
"../../../Engine/Content/EngineMaterials/DefaultBloomKernel.uasset" 176
"../../../Engine/Content/EngineMaterials/DefaultBokeh.uasset" 177
"../../../Engine/Content/EngineMaterials/DefaultDiffuse.uasset" 178
"../../../Engine/Content/EngineMaterials/DefaultDeferredDecalMaterial.uasset" 179
"../../../Engine/Content/EngineMaterials/DefaultLightFunctionMaterial.uasset" 180
"../../../Engine/Content/EngineMaterials/DefaultPhysicalMaterial.uasset" 181
"../../../Engine/Content/Functions/Engine_MaterialFunctions02/Utility/BreakOutFloat2Components.uasset" 182
"../../../Engine/Content/EngineMaterials/DefaultPostProcessMaterial.uasset" 183
"../../../Engine/Content/EngineFonts/RobotoDistanceField.uasset" 184
"../../../Engine/Content/EngineMaterials/DefaultTextMaterialOpaque.uasset" 185
"../../../Engine/Content/EngineMaterials/DefaultWhiteGrid.uasset" 186
"../../../Engine/Content/EngineMaterials/DefaultWhiteGrid_Low.uasset" 187
"../../../Engine/Content/EngineMaterials/EmissiveMeshMaterial.uasset" 188
"../../../Engine/Content/EngineMaterials/GizmoMaterial.uasset" 189
"../../../Engine/Content/EngineMaterials/Good64x64TilingNoiseHighFreq.uasset" 190
"../../../Engine/Content/EngineMaterials/MiniFont.uasset" 191
"../../../Engine/Content/EngineMaterials/InvalidLightmapSettings.uasset" 192
"../../../Engine/Content/EngineMaterials/M_InvalidLightmapSettings.uasset" 193
"../../../Engine/Content/Functions/Engine_MaterialFunctions02/WorldPositionOffset/CameraOffset.uasset" 194
"../../../Engine/Content/EngineMaterials/PhAT_JointLimitMaterial.uasset" 195
"../../../Engine/Content/EngineMaterials/PreintegratedSkinBRDF.uasset" 196
"../../../Engine/Content/EngineMaterials/RemoveSurfaceMaterial.uasset" 197
"../../../Engine/Content/EngineMaterials/WeightMapPlaceholderTexture.uasset" 198
"../../../Engine/Content/EngineResources/WhiteSquareTexture.uasset" 199
"../../../Engine/Content/EngineMaterials/Widget3DPassThrough.uasset" 200
"../../../Engine/Content/EngineMaterials/Widget3DPassThrough_Masked.uasset" 201
"../../../Engine/Content/EngineMaterials/Widget3DPassThrough_Opaque.uasset" 202
"../../../Engine/Content/EngineMaterials/Widget3DPassThrough_Masked_OneSided.uasset" 203
"../../../Engine/Content/EngineMaterials/Widget3DPassThrough_Opaque_OneSided.uasset" 204
"../../../Engine/Content/EngineMaterials/Widget3DPassThrough_Translucent.uasset" 205
"../../../Engine/Content/EngineMaterials/Widget3DPassThrough_Translucent_OneSided.uasset" 206
"../../../Engine/Content/EngineMeshes/Cylinder.uasset" 207
"../../../Engine/Content/EngineMeshes/Sphere.uasset" 208
"../../../Engine/Content/EngineResources/Black.uasset" 209
"../../../Engine/Content/EngineResources/DefaultTextureCube.uasset" 210
"../../../Engine/Content/EngineResources/DefaultVolumeTexture2D.uasset" 211
"../../../Engine/Content/EngineResources/DefaultVolumeTexture.uasset" 212
"../../../Engine/Content/EngineResources/GradientTexture0.uasset" 213
"../../../Engine/Content/EngineSky/VolumetricClouds/T_NoiseShape64.uasset" 214
"../../../Engine/Content/EngineSky/VolumetricClouds/T_VolumeNoiseShape64.uasset" 215
"../../../Engine/Content/EngineSky/VolumetricClouds/T_NoiseErosion.uasset" 216
"../../../Engine/Content/EngineSky/VolumetricClouds/T_VolumeNoiseErosion32.uasset" 217
"../../../Engine/Content/EngineSky/VolumetricClouds/CloudWeatherTexture.uasset" 218
"../../../Engine/Content/EngineSky/VolumetricClouds/CloudGradientTexture.uasset" 219
"../../../Engine/Content/Functions/Engine_MaterialFunctions02/Utility/MakeFloat2.uasset" 220
"../../../Engine/Content/EngineSky/VolumetricClouds/m_SimpleVolumetricCloud.uasset" 221
"../../../Engine/Content/EngineSky/VolumetricClouds/m_SimpleVolumetricCloud_Inst.uasset" 222
"../../../Engine/Content/EngineSounds/Master.uasset" 223
"../../../Engine/Content/Functions/Engine_MaterialFunctions01/Shading/PowerToRoughness.uasset" 224
"../../../Engine/Content/Maps/Templates/Thumbnails/Default.uasset" 225
"../../../Engine/Content/Maps/Templates/Thumbnails/TimeOfDay.uasset" 226
"../../../Engine/Content/Maps/Templates/Thumbnails/VR-Basic.uasset" 227
"../../../Engine/Content/MobileResources/T_MobileControls_texture.uasset" 228
"../../../Engine/Content/MobileResources/T_MobileMenu2.uasset" 229
"../../../Engine/Content/MobileResources/HUD/AnalogHat.uasset" 230
"../../../Engine/Content/MobileResources/HUD/VirtualJoystick_Thumb.uasset" 231
"../../../Engine/Content/MobileResources/HUD/VirtualJoystick_Background.uasset" 232
"../../../Engine/Content/MobileResources/HUD/DefaultVirtualJoysticks.uasset" 233
"../../../Engine/Content/MobileResources/HUD/LeftVirtualJoystickOnly.uasset" 234
"../../../Engine/Content/MobileResources/HUD/MobileHUDButton1_off.uasset" 235
"../../../Engine/Content/MobileResources/HUD/MobileHUDButton1_on.uasset" 236
"../../../Engine/Content/MobileResources/HUD/MobileHUDButton2_off.uasset" 237
"../../../Engine/Content/MobileResources/HUD/MobileHUDButton2_on.uasset" 238
"../../../Engine/Content/MobileResources/HUD/MobileHUDButton3.uasset" 239
"../../../Engine/Content/MobileResources/HUD/MobileHUDButtonFire.uasset" 240
"../../../Engine/Content/MobileResources/HUD/MobileHUDDirectionPad.uasset" 241
"../../../Engine/Content/MobileResources/HUD/MobileHUDDirectionPad2.uasset" 242
"../../../Engine/Content/MobileResources/HUD/MobileHUDDirectionPad3.uasset" 243
"../../../Engine/Content/MobileResources/HUD/MobileHUDDirectionStick.uasset" 244
"../../../Engine/Content/MobileResources/HUD/T_Castle_ThumbstickInner.uasset" 245
"../../../Engine/Content/MobileResources/HUD/T_Castle_ThumbstickOutter.uasset" 246
"../../../Engine/Content/Tutorial/ContentIntroCurve.uasset" 247
"../../../Engine/Content/Tutorial/Basics/LevelEditorAttract.uasset" 248
"../../../Engine/Content/Tutorial/Landscape/TutorialAssets/Landscape.uasset" 249
"../../../Engine/Content/Tutorial/Landscape/LandscapeWalkThrough.uasset" 250
"../../../Engine/Content/Tutorial/Landscape/Landscape_Manage_Mode.uasset" 251
"../../../Engine/Content/Tutorial/Landscape/Landscape_Painting_Mode.uasset" 252
"../../../Engine/Content/Tutorial/Landscape/Landscape_Sculpt_Mode.uasset" 253
"../../../Engine/Content/VREditor/TransformGizmo/TranslucentTransformGizmoMaterial.uasset" 254
"../../../Engine/Content/VREditor/LaserPointer/VR_LaserPower_01.uasset" 255
"../../../Engine/Content/VREditor/TransformGizmo/TransformGizmoMaterial.uasset" 256
"../../../Engine/Content/VREditor/TransformGizmo/BoundingBoxCorner.uasset" 257
"../../../Engine/Content/VREditor/TransformGizmo/BoundingBoxEdge.uasset" 258
"../../../Engine/Content/VREditor/TransformGizmo/PlaneTranslationHandle.uasset" 259
"../../../Engine/Content/VREditor/TransformGizmo/Xray.uasset" 260
"../../../Engine/Content/VREditor/TransformGizmo/Main.uasset" 261
"../../../Engine/Content/VREditor/TransformGizmo/SM_Sequencer_Key.uasset" 262
"../../../Engine/Content/VREditor/TransformGizmo/SM_Sequencer_Node.uasset" 263
"../../Plugins/2D/Paper2D/Content/PlaceholderTextures/DummySpriteTexture.uasset" 264
"../../Plugins/2D/Paper2D/Content/DummySprite.uasset" 265
"../../Plugins/2D/Paper2D/Content/DefaultPaperTerrainMaterial.uasset" 266
"../../Plugins/2D/Paper2D/Content/DefaultSpriteMaterial.uasset" 267
"../../Plugins/2D/Paper2D/Content/MaskedUnlitSpriteMaterial.uasset" 268
"../../Plugins/2D/Paper2D/Content/OpaqueUnlitSpriteMaterial.uasset" 269
"../../../Engine/Content/Functions/Engine_MaterialFunctions02/Utility/BreakOutFloat3Components.uasset" 270
"../../Plugins/Editor/SpeedTreeImporter/Content/SpeedTree9/UnpackInteger3.uasset" 271
"../../Plugins/Editor/SpeedTreeImporter/Content/SpeedTree9/UnpackDirection.uasset" 272
"../../Plugins/Editor/SpeedTreeImporter/Content/SpeedTree9/game_wind_noise.uasset" 273
"../../../Engine/Content/Functions/Engine_MaterialFunctions02/SafeNormalize.uasset" 274
"../../Plugins/Editor/SpeedTreeImporter/Content/SpeedTree9/SpeedTreeWindMotion.uasset" 275
"../../Plugins/Editor/SpeedTreeImporter/Content/SpeedTree9/SpeedTreeBranchMotion.uasset" 276
"../../../Engine/Content/Functions/Engine_MaterialFunctions02/ObjectLocalBounds.uasset" 277
"../../../Engine/Content/Functions/Engine_MaterialFunctions02/UVs/BoundingBoxBased_0-1_UVW.uasset" 278
"../../Plugins/Editor/SpeedTreeImporter/Content/SpeedTree9/SpeedTreeWind.uasset" 279
"../../Plugins/Editor/SpeedTreeImporter/Content/SpeedTree9/SpeedTreeBillboard.uasset" 280
"../../../Engine/Content/EngineResources/DefaultTexture.uasset" 281
"../../Plugins/Editor/SpeedTreeImporter/Content/SpeedTree9/SpeedTreeBillboardMaster.uasset" 282
"../../Plugins/Editor/SpeedTreeImporter/Content/SpeedTree9/SpeedTreeCameraFacing.uasset" 283
"../../Plugins/Editor/SpeedTreeImporter/Content/SpeedTree9/SpeedTreeMaster.uasset" 284
"../../../Engine/Content/BasicShapes/Cylinder.uasset" 285
"../../../Engine/Content/ArtTools/RenderToTexture/Materials/Debug/M_Emissive_Color.uasset" 286
"../../Plugins/Lumin/MagicLeapPassableWorld/Content/MagicLeapARPinInfoActor.uasset" 287
"../../../Engine/Content/Functions/Engine_MaterialFunctions02/Utility/BreakOutFloat4Components.uasset" 288
"../../../Engine/Content/Functions/Engine_MaterialFunctions02/Utility/MakeFloat3.uasset" 289
"../../Plugins/Runtime/Oculus/OculusVR/Content/Materials/OculusMR_ChromaKey.uasset" 290
"../../Plugins/Runtime/Oculus/OculusVR/Content/Materials/OculusMR_OpaqueColoredMaterial.uasset" 291
"../../Plugins/Runtime/Oculus/OculusVR/Content/Materials/PokeAHoleMaterial.uasset" 292
"../../../Engine/Content/EngineSky/T_Sky_Stars.uasset" 293
"../../../Engine/Content/EngineSky/T_Sky_Clouds_M.uasset" 294
"../../../Engine/Content/EngineSky/T_Sky_Blue.uasset" 295
"../../../../../../Projects/UE4/UE4 Course Projects/Section_05/S05_TestingGrounds/Content/Player/Meshes/CubeMaterialOverride.uasset" 296
"../../../Engine/Content/EngineSky/M_Sky_Panning_Clouds2.uasset" 297
"../../../Engine/Content/Functions/Engine_MaterialFunctions03/Procedurals/ComputeFilterWidth.uasset" 298
"../../../Engine/Content/EngineMaterials/AntiAliasedTextMaterialTranslucent.uasset" 299
"../../../../../../Projects/UE4/UE4 Course Projects/Section_05/S05_TestingGrounds/Content/Level/Maps/FirstPersonExampleMap_BuiltData.uasset" 300
"../../../Engine/Content/EngineSky/SM_SkySphere.uasset" 301
"../../../Engine/Content/EngineSky/C_Sky_Zenith_Color.uasset" 302
"../../../Engine/Content/EngineSky/C_Sky_Horizon_Color.uasset" 303
"../../../Engine/Content/EngineSky/C_Sky_Cloud_Color.uasset" 304
"../../../Engine/Content/EngineSky/BP_Sky_Sphere.uasset" 305
"../../../../../../Projects/UE4/UE4 Course Projects/Section_05/S05_TestingGrounds/Content/NPC/Character/Mesh/SK_Mannequin_PhysicsAsset.uasset" 306
"../../../../../../Projects/UE4/UE4 Course Projects/Section_05/S05_TestingGrounds/Content/NPC/Character/Textures/UE4Man_Logo_N.uasset" 307
"../../../../../../Projects/UE4/UE4 Course Projects/Section_05/S05_TestingGrounds/Content/NPC/Character/Textures/UE4_Mannequin_occlusion_Mobile.uasset" 308
"../../../../../../Projects/UE4/UE4 Course Projects/Section_05/S05_TestingGrounds/Content/NPC/Character/Textures/UE4_Mannequin_MAT_MASKA.uasset" 309
"../../../../../../Projects/UE4/UE4 Course Projects/Section_05/S05_TestingGrounds/Content/NPC/Character/Textures/UE4_Mannequin__normals.uasset" 310
"../../../../../../Projects/UE4/UE4 Course Projects/Section_05/S05_TestingGrounds/Content/NPC/Character/Textures/UE4_LOGO_CARD.uasset" 311
"../../../../../../Projects/UE4/UE4 Course Projects/Section_05/S05_TestingGrounds/Content/NPC/Character/Materials/MaterialLayers/T_ML_Rubber_Blue_01_N.uasset" 312
"../../../../../../Projects/UE4/UE4 Course Projects/Section_05/S05_TestingGrounds/Content/NPC/Character/Materials/MaterialLayers/T_ML_Rubber_Blue_01_D.uasset" 313
"../../../../../../Projects/UE4/UE4 Course Projects/Section_05/S05_TestingGrounds/Content/NPC/Character/Materials/MaterialLayers/T_ML_Aluminum01_N.uasset" 314
"../../../../../../Projects/UE4/UE4 Course Projects/Section_05/S05_TestingGrounds/Content/NPC/Character/Materials/MaterialLayers/T_ML_Aluminum01.uasset" 315
"../../../../../../Projects/UE4/UE4 Course Projects/Section_05/S05_TestingGrounds/Content/NPC/Character/Materials/MaterialLayers/ML_SoftMetal_UE4.uasset" 316
"../../../../../../Projects/UE4/UE4 Course Projects/Section_05/S05_TestingGrounds/Content/NPC/Character/Materials/MaterialLayers/ML_Plastic_Shiny_Beige_LOGO.uasset" 317
"../../../../../../Projects/UE4/UE4 Course Projects/Section_05/S05_TestingGrounds/Content/NPC/Character/Materials/MaterialLayers/ML_Plastic_Shiny_Beige.uasset" 318
"../../../../../../Projects/UE4/UE4 Course Projects/Section_05/S05_TestingGrounds/Content/NPC/Character/Materials/MaterialLayers/ML_GlossyBlack_Latex_UE4.uasset" 319
"../../../Engine/Content/Functions/MaterialLayerFunctions/MatLayerBlend_AO.uasset" 320
"../../../../../../Projects/UE4/UE4 Course Projects/Section_05/S05_TestingGrounds/Content/NPC/Character/Materials/M_UE4Man_Body.uasset" 321
"../../../../../../Projects/UE4/UE4 Course Projects/Section_05/S05_TestingGrounds/Content/NPC/Character/Materials/M_UE4Man_ChestLogo.uasset" 322
"../../../../../../Projects/UE4/UE4 Course Projects/Section_05/S05_TestingGrounds/Content/NPC/Character/Mesh/SK_Mannequin.uasset" 323
"../../../../../../Projects/UE4/UE4 Course Projects/Section_05/S05_TestingGrounds/Content/NPC/Animations/AnimationClips/Idle_Rifle_Ironsights.uasset" 324
"../../../../../../Projects/UE4/UE4 Course Projects/Section_05/S05_TestingGrounds/Content/NPC/Animations/AnimationClips/Aim_Space_Ironsights.uasset" 325
"../../../../../../Projects/UE4/UE4 Course Projects/Section_05/S05_TestingGrounds/Content/NPC/Animations/AimOffsets/AimUp.uasset" 326
"../../../../../../Projects/UE4/UE4 Course Projects/Section_05/S05_TestingGrounds/Content/NPC/Animations/AimOffsets/AimDown.uasset" 327
"../../../../../../Projects/UE4/UE4 Course Projects/Section_05/S05_TestingGrounds/Content/NPC/Animations/AimOffsets/AimCenter.uasset" 328
"../../../../../../Projects/UE4/UE4 Course Projects/Section_05/S05_TestingGrounds/Content/NPC/Animations/AimOffsets/AimOffset.uasset" 329
"../../../../../../Projects/UE4/UE4 Course Projects/Section_05/S05_TestingGrounds/Content/NPC/Animations/AnimationClips/Jog_Rt_Rifle.uasset" 330
"../../../../../../Projects/UE4/UE4 Course Projects/Section_05/S05_TestingGrounds/Content/NPC/Animations/AnimationClips/Jog_Lt_Rifle.uasset" 331
"../../../../../../Projects/UE4/UE4 Course Projects/Section_05/S05_TestingGrounds/Content/NPC/Animations/AnimationClips/Jog_Fwd_Rifle.uasset" 332
"../../../../../../Projects/UE4/UE4 Course Projects/Section_05/S05_TestingGrounds/Content/NPC/Animations/AnimationClips/Jog_Bwd_Rifle.uasset" 333
"../../../../../../Projects/UE4/UE4 Course Projects/Section_05/S05_TestingGrounds/Content/NPC/Animations/Blendspaces/BS_Jog.uasset" 334
"../../../../../../Projects/UE4/UE4 Course Projects/Section_05/S05_TestingGrounds/Content/NPC/Animations/AnimationClips/Crouch_Walk_Rt_Rifle_Hip.uasset" 335
"../../../../../../Projects/UE4/UE4 Course Projects/Section_05/S05_TestingGrounds/Content/NPC/Animations/AnimationClips/Crouch_Walk_Lt_Rifle_Hip.uasset" 336
"../../../../../../Projects/UE4/UE4 Course Projects/Section_05/S05_TestingGrounds/Content/NPC/Animations/AnimationClips/Crouch_Walk_Fwd_Rifle_Hip.uasset" 337
"../../../../../../Projects/UE4/UE4 Course Projects/Section_05/S05_TestingGrounds/Content/NPC/Animations/AnimationClips/Crouch_Walk_Bwd_Rifle_Hip.uasset" 338
"../../../../../../Projects/UE4/UE4 Course Projects/Section_05/S05_TestingGrounds/Content/NPC/Animations/Blendspaces/BS_CrouchWalk.uasset" 339
"../../../../../../Projects/UE4/UE4 Course Projects/Section_05/S05_TestingGrounds/Content/NPC/Animations/AnimationClips/Walk_Rt_Rifle_Ironsights.uasset" 340
"../../../../../../Projects/UE4/UE4 Course Projects/Section_05/S05_TestingGrounds/Content/NPC/Animations/AnimationClips/Walk_Lt_Rifle_Ironsights.uasset" 341
"../../../../../../Projects/UE4/UE4 Course Projects/Section_05/S05_TestingGrounds/Content/NPC/Animations/AnimationClips/Walk_Fwd_Rifle_Ironsights.uasset" 342
"../../../../../../Projects/UE4/UE4 Course Projects/Section_05/S05_TestingGrounds/Content/NPC/Animations/AnimationClips/Walk_Bwd_Rifle_Ironsights.uasset" 343
"../../../../../../Projects/UE4/UE4 Course Projects/Section_05/S05_TestingGrounds/Content/NPC/Animations/Blendspaces/Aiming_Walk.uasset" 344
"../../../../../../Projects/UE4/UE4 Course Projects/Section_05/S05_TestingGrounds/Content/NPC/Animations/AnimationClips/Jump_From_Stand.uasset" 345
"../../../../../../Projects/UE4/UE4 Course Projects/Section_05/S05_TestingGrounds/Content/NPC/Animations/AnimationClips/Jump_From_Jog.uasset" 346
"../../../../../../Projects/UE4/UE4 Course Projects/Section_05/S05_TestingGrounds/Content/NPC/Animations/AnimationClips/Idle_Rifle_Hip.uasset" 347
"../../../../../../Projects/UE4/UE4 Course Projects/Section_05/S05_TestingGrounds/Content/NPC/Animations/AnimationClips/Fire_Rifle_Ironsights.uasset" 348
"../../../../../../Projects/UE4/UE4 Course Projects/Section_05/S05_TestingGrounds/Content/NPC/Animations/AnimationClips/Crouch_Idle_Rifle_Hip.uasset" 349
"../../../../../../Projects/UE4/UE4 Course Projects/Section_05/S05_TestingGrounds/Content/NPC/Animations/PatrollingGuard2.uasset" 350
"../../../../../../Projects/UE4/UE4 Course Projects/Section_05/S05_TestingGrounds/Content/NPC/AI/UpdateLastLocation.uasset" 351
"../../../../../../Projects/UE4/UE4 Course Projects/Section_05/S05_TestingGrounds/Content/NPC/AI/SetFocus.uasset" 352
"../../../../../../Projects/UE4/UE4 Course Projects/Section_05/S05_TestingGrounds/Content/NPC/AI/PatrolData.uasset" 353
"../../../../../../Projects/UE4/UE4 Course Projects/Section_05/S05_TestingGrounds/Content/NPC/AI/Suspicion.uasset" 354
"../../../../../../Projects/UE4/UE4 Course Projects/Section_05/S05_TestingGrounds/Content/NPC/AI/Patrol.uasset" 355
"../../../../../../Projects/UE4/UE4 Course Projects/Section_05/S05_TestingGrounds/Content/NPC/AI/Chase.uasset" 356
"../../../../../../Projects/UE4/UE4 Course Projects/Section_05/S05_TestingGrounds/Content/NPC/AI/GuardBehavior.uasset" 357
"../../../../../../Projects/UE4/UE4 Course Projects/Section_05/S05_TestingGrounds/Content/NPC/AI/NPC_AI_BP.uasset" 358
"../../../../../../Projects/UE4/UE4 Course Projects/Section_05/S05_TestingGrounds/Content/NPC/Behavior/PatrollingGuard2.uasset" 359
"../../../../../../Projects/UE4/UE4 Course Projects/Section_05/S05_TestingGrounds/Content/Geometry/Meshes/1M_Cube.uasset" 360
"../../../../../../Projects/UE4/UE4 Course Projects/Section_05/S05_TestingGrounds/Content/Level/Maps/FirstPersonExampleMap.umap" 361
"../../../Engine/Content/Maps/Entry_BuiltData.uasset" 362
"../../../Engine/Content/Maps/Entry.umap" 363
